#
# There is insufficient memory for the Java Runtime Environment to continue.
# Native memory allocation (mmap) failed to map 65011712 bytes for committing reserved memory.
# Possible reasons:
#   The system is out of physical RAM or swap space
#   The process is running with CompressedOops enabled, and the Java Heap may be blocking the growth of the native heap
# Possible solutions:
#   Reduce memory load on the system
#   Increase physical memory or swap space
#   Check if swap backing store is full
#   Decrease Java heap size (-Xmx/-Xms)
#   Decrease number of Java threads
#   Decrease Java thread stack sizes (-Xss)
#   Set larger code cache with -XX:ReservedCodeCacheSize=
# This output file may be truncated or incomplete.
#
#  Out of Memory Error (os_linux.cpp:2913), pid=9227, tid=9228
#
# JRE version:  (11.0.9+11) (build )
# Java VM: OpenJDK 64-Bit Server VM (11.0.9+11-b1145.21, mixed mode, sharing, tiered, compressed oops, g1 gc, linux-amd64)
# Core dump will be written. Default location: Core dumps may be processed with "/usr/share/apport/apport %p %s %c %d %P %E" (or dumping to /home/spl211/Documents/spl211/SPL211/ass3/core.9227)
#

---------------  S U M M A R Y ------------

Command Line: org.jetbrains.git4idea.http.GitAskPassApp Username for 'https://github.com': 

Host: Intel(R) Core(TM) i7-8550U CPU @ 1.80GHz, 2 cores, 3G, Ubuntu 18.04.1 LTS
Time: Thu Dec 24 19:58:01 2020 IST elapsed time: 6.930846 seconds (0d 0h 0m 6s)

---------------  T H R E A D  ---------------

Current thread (0x00007fa184028800):  JavaThread "Unknown thread" [_thread_in_vm, id=9228, stack(0x00007fa18c26c000,0x00007fa18c36d000)]

Stack: [0x00007fa18c26c000,0x00007fa18c36d000],  sp=0x00007fa18c36b200,  free space=1020k
Native frames: (J=compiled Java code, A=aot compiled Java code, j=interpreted, Vv=VM code, C=native code)
V  [libjvm.so+0xd8360f]  VMError::report_and_die(int, char const*, char const*, __va_list_tag*, Thread*, unsigned char*, void*, void*, char const*, int, unsigned long)+0x37f
V  [libjvm.so+0xd842eb]  VMError::report_and_die(Thread*, char const*, int, unsigned long, VMErrorType, char const*, __va_list_tag*)+0x2b
V  [libjvm.so+0x661305]  report_vm_out_of_memory(char const*, int, unsigned long, VMErrorType, char const*, ...)+0xc5
V  [libjvm.so+0xb8a5f8]  os::pd_commit_memory_or_exit(char*, unsigned long, unsigned long, bool, char const*)+0xd8
V  [libjvm.so+0xb80d5d]  os::commit_memory_or_exit(char*, unsigned long, unsigned long, bool, char const*)+0x1d
V  [libjvm.so+0x7796fc]  G1PageBasedVirtualSpace::commit_preferred_pages(unsigned long, unsigned long)+0x6c
V  [libjvm.so+0x779ade]  G1PageBasedVirtualSpace::commit(unsigned long, unsigned long)+0x19e
V  [libjvm.so+0x782fd6]  G1RegionsLargerThanCommitSizeMapper::commit_regions(unsigned int, unsigned long, WorkGang*)+0x46
V  [libjvm.so+0x7fb8e4]  HeapRegionManager::commit_regions(unsigned int, unsigned long, WorkGang*)+0x54
V  [libjvm.so+0x7fc4f0]  HeapRegionManager::make_regions_available(unsigned int, unsigned int, WorkGang*)+0x30
V  [libjvm.so+0x7fc917]  HeapRegionManager::expand_at(unsigned int, unsigned int, WorkGang*) [clone .part.24]+0xf7
V  [libjvm.so+0x7369f0]  G1CollectedHeap::expand(unsigned long, WorkGang*, double*)+0xe0
V  [libjvm.so+0x7370f1]  G1CollectedHeap::initialize()+0x681
V  [libjvm.so+0xd45df1]  Universe::initialize_heap()+0x41
V  [libjvm.so+0xd460c6]  universe_init()+0x46
V  [libjvm.so+0x81b8d7]  init_globals()+0x57
V  [libjvm.so+0xd1fe5a]  Threads::create_vm(JavaVMInitArgs*, bool*)+0x30a
V  [libjvm.so+0x8c01d1]  JNI_CreateJavaVM+0x51
C  [libjli.so+0x3c98]  JavaMain+0x88


---------------  P R O C E S S  ---------------

Threads class SMR info:
_java_thread_list=0x000055aafb4712d0, length=0, elements={
}

Java Threads: ( => current thread )

Other Threads:
  0x00007fa184040000 GCTaskThread "GC Thread#0" [stack: 0x00007fa18886b000,0x00007fa18896b000] [id=9229]
  0x00007fa18405b000 ConcurrentGCThread "G1 Main Marker" [stack: 0x00007fa17040f000,0x00007fa17050f000] [id=9230]
  0x00007fa18405d000 ConcurrentGCThread "G1 Conc#0" [stack: 0x00007fa17030d000,0x00007fa17040d000] [id=9231]

[error occurred during error reporting (printing all threads), id 0xb, SIGSEGV (0xb) at pc=0x00007fa18a8da2b0]

VM state:not at safepoint (not fully initialized)

VM Mutex/Monitor currently owned by a thread:  ([mutex/lock_event])
[0x00007fa184024fb0] Heap_lock - owner thread: 0x00007fa184028800

Heap address: 0x00000000c3c00000, size: 964 MB, Compressed Oops mode: Non-zero based: 0x00000000c3c00000
Narrow klass base: 0x0000000000000000, Narrow klass shift: 0

GC Heap History (0 events):
No events

Deoptimization events (0 events):
No events

Classes redefined (0 events):
No events

Internal exceptions (0 events):
No events

Events (2 events):
Event: 2.815 Protecting memory [0x00007fa18c26c000,0x00007fa18c270000] with protection modes 0
Event: 3.191 Loaded shared library /snap/intellij-idea-community/267/jbr/lib/libzip.so


Dynamic libraries:
c7a00000-100000000 ---p 00000000 00:00 0 
55aaf9f98000-55aaf9f99000 r-xp 00000000 07:03 26                         /snap/intellij-idea-community/267/jbr/bin/java
55aafa199000-55aafa19a000 r--p 00001000 07:03 26                         /snap/intellij-idea-community/267/jbr/bin/java
55aafa19a000-55aafa19b000 rw-p 00002000 07:03 26                         /snap/intellij-idea-community/267/jbr/bin/java
55aafb46d000-55aafb48e000 rw-p 00000000 00:00 0                          [heap]
7fa15c000000-7fa15c021000 rw-p 00000000 00:00 0 
7fa15c021000-7fa160000000 ---p 00000000 00:00 0 
7fa164000000-7fa164021000 rw-p 00000000 00:00 0 
7fa164021000-7fa168000000 ---p 00000000 00:00 0 
7fa168d60000-7fa16b0f0000 rw-p 00000000 00:00 0 
7fa16b0f0000-7fa16c000000 ---p 00000000 00:00 0 
7fa16c000000-7fa16c021000 rw-p 00000000 00:00 0 
7fa16c021000-7fa170000000 ---p 00000000 00:00 0 
7fa170109000-7fa17030b000 rw-p 00000000 00:00 0 
7fa17030b000-7fa17030c000 ---p 00000000 00:00 0 
7fa17030c000-7fa17040d000 rw-p 00000000 00:00 0 
7fa17040d000-7fa17040e000 ---p 00000000 00:00 0 
7fa17040e000-7fa17050f000 rw-p 00000000 00:00 0 
7fa17050f000-7fa17141f000 ---p 00000000 00:00 0 
7fa17141f000-7fa17168f000 rwxp 00000000 00:00 0 
7fa17168f000-7fa1719ae000 ---p 00000000 00:00 0 
7fa1719ae000-7fa171c1e000 rwxp 00000000 00:00 0 
7fa171c1e000-7fa178ee6000 ---p 00000000 00:00 0 
7fa178ee6000-7fa179156000 rwxp 00000000 00:00 0 
7fa179156000-7fa18041f000 ---p 00000000 00:00 0 
7fa18041f000-7fa184000000 r--s 00000000 07:03 494                        /snap/intellij-idea-community/267/jbr/lib/modules
7fa184000000-7fa184070000 rw-p 00000000 00:00 0 
7fa184070000-7fa188000000 ---p 00000000 00:00 0 
7fa1880c1000-7fa188667000 ---p 00000000 00:00 0 
7fa188667000-7fa188869000 rw-p 00000000 00:00 0 
7fa188869000-7fa18886a000 ---p 00000000 00:00 0 
7fa18886a000-7fa188970000 rw-p 00000000 00:00 0 
7fa188970000-7fa188a56000 ---p 00000000 00:00 0 
7fa188a56000-7fa188a5b000 rw-p 00000000 00:00 0 
7fa188a5b000-7fa188b41000 ---p 00000000 00:00 0 
7fa188b41000-7fa188b48000 r-xp 00000000 07:03 439                        /snap/intellij-idea-community/267/jbr/lib/libzip.so
7fa188b48000-7fa188d47000 ---p 00007000 07:03 439                        /snap/intellij-idea-community/267/jbr/lib/libzip.so
7fa188d47000-7fa188d48000 r--p 00006000 07:03 439                        /snap/intellij-idea-community/267/jbr/lib/libzip.so
7fa188d48000-7fa188d49000 rw-p 00000000 00:00 0 
7fa188d49000-7fa188d54000 r-xp 00000000 08:01 1185646                    /lib/x86_64-linux-gnu/libnss_files-2.27.so
7fa188d54000-7fa188f53000 ---p 0000b000 08:01 1185646                    /lib/x86_64-linux-gnu/libnss_files-2.27.so
7fa188f53000-7fa188f54000 r--p 0000a000 08:01 1185646                    /lib/x86_64-linux-gnu/libnss_files-2.27.so
7fa188f54000-7fa188f55000 rw-p 0000b000 08:01 1185646                    /lib/x86_64-linux-gnu/libnss_files-2.27.so
7fa188f55000-7fa188f5b000 rw-p 00000000 00:00 0 
7fa188f5b000-7fa188f72000 r-xp 00000000 08:01 1185623                    /lib/x86_64-linux-gnu/libnsl-2.27.so
7fa188f72000-7fa189171000 ---p 00017000 08:01 1185623                    /lib/x86_64-linux-gnu/libnsl-2.27.so
7fa189171000-7fa189172000 r--p 00016000 08:01 1185623                    /lib/x86_64-linux-gnu/libnsl-2.27.so
7fa189172000-7fa189173000 rw-p 00017000 08:01 1185623                    /lib/x86_64-linux-gnu/libnsl-2.27.so
7fa189173000-7fa189175000 rw-p 00000000 00:00 0 
7fa189175000-7fa189180000 r-xp 00000000 08:01 1185661                    /lib/x86_64-linux-gnu/libnss_nis-2.27.so
7fa189180000-7fa18937f000 ---p 0000b000 08:01 1185661                    /lib/x86_64-linux-gnu/libnss_nis-2.27.so
7fa18937f000-7fa189380000 r--p 0000a000 08:01 1185661                    /lib/x86_64-linux-gnu/libnss_nis-2.27.so
7fa189380000-7fa189381000 rw-p 0000b000 08:01 1185661                    /lib/x86_64-linux-gnu/libnss_nis-2.27.so
7fa189381000-7fa189389000 r-xp 00000000 08:01 1185624                    /lib/x86_64-linux-gnu/libnss_compat-2.27.so
7fa189389000-7fa189589000 ---p 00008000 08:01 1185624                    /lib/x86_64-linux-gnu/libnss_compat-2.27.so
7fa189589000-7fa18958a000 r--p 00008000 08:01 1185624                    /lib/x86_64-linux-gnu/libnss_compat-2.27.so
7fa18958a000-7fa18958b000 rw-p 00009000 08:01 1185624                    /lib/x86_64-linux-gnu/libnss_compat-2.27.so
7fa18958b000-7fa1895a6000 r-xp 00000000 07:03 414                        /snap/intellij-idea-community/267/jbr/lib/libjimage.so
7fa1895a6000-7fa1897a6000 ---p 0001b000 07:03 414                        /snap/intellij-idea-community/267/jbr/lib/libjimage.so
7fa1897a6000-7fa1897a8000 r--p 0001b000 07:03 414                        /snap/intellij-idea-community/267/jbr/lib/libjimage.so
7fa1897a8000-7fa1897a9000 rw-p 0001d000 07:03 414                        /snap/intellij-idea-community/267/jbr/lib/libjimage.so
7fa1897a9000-7fa1897d2000 r-xp 00000000 07:03 409                        /snap/intellij-idea-community/267/jbr/lib/libjava.so
7fa1897d2000-7fa1899d2000 ---p 00029000 07:03 409                        /snap/intellij-idea-community/267/jbr/lib/libjava.so
7fa1899d2000-7fa1899d3000 r--p 00029000 07:03 409                        /snap/intellij-idea-community/267/jbr/lib/libjava.so
7fa1899d3000-7fa1899d4000 rw-p 0002a000 07:03 409                        /snap/intellij-idea-community/267/jbr/lib/libjava.so
7fa1899d4000-7fa1899d5000 rw-p 00000000 00:00 0 
7fa1899d5000-7fa1899e2000 r-xp 00000000 07:03 438                        /snap/intellij-idea-community/267/jbr/lib/libverify.so
7fa1899e2000-7fa189be1000 ---p 0000d000 07:03 438                        /snap/intellij-idea-community/267/jbr/lib/libverify.so
7fa189be1000-7fa189be3000 r--p 0000c000 07:03 438                        /snap/intellij-idea-community/267/jbr/lib/libverify.so
7fa189be3000-7fa189be4000 rw-p 00000000 00:00 0 
7fa189be4000-7fa189beb000 r-xp 00000000 08:01 1185778                    /lib/x86_64-linux-gnu/librt-2.27.so
7fa189beb000-7fa189dea000 ---p 00007000 08:01 1185778                    /lib/x86_64-linux-gnu/librt-2.27.so
7fa189dea000-7fa189deb000 r--p 00006000 08:01 1185778                    /lib/x86_64-linux-gnu/librt-2.27.so
7fa189deb000-7fa189dec000 rw-p 00007000 08:01 1185778                    /lib/x86_64-linux-gnu/librt-2.27.so
7fa189dec000-7fa189f89000 r-xp 00000000 08:01 1185620                    /lib/x86_64-linux-gnu/libm-2.27.so
7fa189f89000-7fa18a188000 ---p 0019d000 08:01 1185620                    /lib/x86_64-linux-gnu/libm-2.27.so
7fa18a188000-7fa18a189000 r--p 0019c000 08:01 1185620                    /lib/x86_64-linux-gnu/libm-2.27.so
7fa18a189000-7fa18a18a000 rw-p 0019d000 08:01 1185620                    /lib/x86_64-linux-gnu/libm-2.27.so
7fa18a18a000-7fa18b1d4000 r-xp 00000000 07:03 505                        /snap/intellij-idea-community/267/jbr/lib/server/libjvm.so
7fa18b1d4000-7fa18b3d4000 ---p 0104a000 07:03 505                        /snap/intellij-idea-community/267/jbr/lib/server/libjvm.so
7fa18b3d4000-7fa18b493000 r--p 0104a000 07:03 505                        /snap/intellij-idea-community/267/jbr/lib/server/libjvm.so
7fa18b493000-7fa18b4cc000 rw-p 01109000 07:03 505                        /snap/intellij-idea-community/267/jbr/lib/server/libjvm.so
7fa18b4cc000-7fa18b523000 rw-p 00000000 00:00 0 
7fa18b523000-7fa18b70a000 r-xp 00000000 08:01 1185515                    /lib/x86_64-linux-gnu/libc-2.27.so
7fa18b70a000-7fa18b90a000 ---p 001e7000 08:01 1185515                    /lib/x86_64-linux-gnu/libc-2.27.so
7fa18b90a000-7fa18b90e000 r--p 001e7000 08:01 1185515                    /lib/x86_64-linux-gnu/libc-2.27.so
7fa18b90e000-7fa18b910000 rw-p 001eb000 08:01 1185515                    /lib/x86_64-linux-gnu/libc-2.27.so
7fa18b910000-7fa18b914000 rw-p 00000000 00:00 0 
7fa18b914000-7fa18b917000 r-xp 00000000 08:01 1185574                    /lib/x86_64-linux-gnu/libdl-2.27.so
7fa18b917000-7fa18bb16000 ---p 00003000 08:01 1185574                    /lib/x86_64-linux-gnu/libdl-2.27.so
7fa18bb16000-7fa18bb17000 r--p 00002000 08:01 1185574                    /lib/x86_64-linux-gnu/libdl-2.27.so
7fa18bb17000-7fa18bb18000 rw-p 00003000 08:01 1185574                    /lib/x86_64-linux-gnu/libdl-2.27.so
7fa18bb18000-7fa18bb27000 r-xp 00000000 07:03 389                        /snap/intellij-idea-community/267/jbr/lib/jli/libjli.so
7fa18bb27000-7fa18bd26000 ---p 0000f000 07:03 389                        /snap/intellij-idea-community/267/jbr/lib/jli/libjli.so
7fa18bd26000-7fa18bd27000 r--p 0000e000 07:03 389                        /snap/intellij-idea-community/267/jbr/lib/jli/libjli.so
7fa18bd27000-7fa18bd28000 rw-p 0000f000 07:03 389                        /snap/intellij-idea-community/267/jbr/lib/jli/libjli.so
7fa18bd28000-7fa18bd42000 r-xp 00000000 08:01 1185740                    /lib/x86_64-linux-gnu/libpthread-2.27.so
7fa18bd42000-7fa18bf41000 ---p 0001a000 08:01 1185740                    /lib/x86_64-linux-gnu/libpthread-2.27.so
7fa18bf41000-7fa18bf42000 r--p 00019000 08:01 1185740                    /lib/x86_64-linux-gnu/libpthread-2.27.so
7fa18bf42000-7fa18bf43000 rw-p 0001a000 08:01 1185740                    /lib/x86_64-linux-gnu/libpthread-2.27.so
7fa18bf43000-7fa18bf47000 rw-p 00000000 00:00 0 
7fa18bf47000-7fa18bf63000 r-xp 00000000 08:01 1185776                    /lib/x86_64-linux-gnu/libz.so.1.2.11
7fa18bf63000-7fa18c162000 ---p 0001c000 08:01 1185776                    /lib/x86_64-linux-gnu/libz.so.1.2.11
7fa18c162000-7fa18c163000 r--p 0001b000 08:01 1185776                    /lib/x86_64-linux-gnu/libz.so.1.2.11
7fa18c163000-7fa18c164000 rw-p 0001c000 08:01 1185776                    /lib/x86_64-linux-gnu/libz.so.1.2.11
7fa18c164000-7fa18c18b000 r-xp 00000000 08:01 1185318                    /lib/x86_64-linux-gnu/ld-2.27.so
7fa18c24b000-7fa18c26c000 rw-p 00000000 00:00 0 
7fa18c26c000-7fa18c270000 ---p 00000000 00:00 0 
7fa18c270000-7fa18c371000 rw-p 00000000 00:00 0 
7fa18c375000-7fa18c37a000 rw-p 00000000 00:00 0 
7fa18c37a000-7fa18c381000 ---p 00000000 00:00 0 
7fa18c381000-7fa18c389000 rw-s 00000000 08:01 1056396                    /tmp/hsperfdata_spl211/9227
7fa18c389000-7fa18c38a000 ---p 00000000 00:00 0 
7fa18c38a000-7fa18c38b000 r--p 00000000 00:00 0 
7fa18c38b000-7fa18c38c000 r--p 00027000 08:01 1185318                    /lib/x86_64-linux-gnu/ld-2.27.so
7fa18c38c000-7fa18c38d000 rw-p 00028000 08:01 1185318                    /lib/x86_64-linux-gnu/ld-2.27.so
7fa18c38d000-7fa18c38e000 rw-p 00000000 00:00 0 
7ffeeb13c000-7ffeeb15d000 rw-p 00000000 00:00 0                          [stack]
7ffeeb1cf000-7ffeeb1d2000 r--p 00000000 00:00 0                          [vvar]
7ffeeb1d2000-7ffeeb1d4000 r-xp 00000000 00:00 0                          [vdso]
ffffffffff600000-ffffffffff601000 r-xp 00000000 00:00 0                  [vsyscall]


VM Arguments:
java_command: org.jetbrains.git4idea.http.GitAskPassApp Username for 'https://github.com': 
java_class_path (initial): /snap/intellij-idea-community/267/plugins/git4idea/lib/git4idea-rt.jar:/snap/intellij-idea-community/267/lib/xmlrpc-2.0.1.jar:/snap/intellij-idea-community/267/lib/commons-codec-1.14.jar
Launcher Type: SUN_STANDARD

[Global flags]
     intx CICompilerCount                          = 2                                         {product} {ergonomic}
     uint ConcGCThreads                            = 1                                         {product} {ergonomic}
     uint G1ConcRefinementThreads                  = 2                                         {product} {ergonomic}
   size_t G1HeapRegionSize                         = 1048576                                   {product} {ergonomic}
    uintx GCDrainStackTargetSize                   = 64                                        {product} {ergonomic}
   size_t InitialHeapSize                          = 65011712                                  {product} {ergonomic}
   size_t MarkStackSize                            = 4194304                                   {product} {ergonomic}
   size_t MaxHeapSize                              = 1010827264                                {product} {ergonomic}
   size_t MinHeapDeltaBytes                        = 1048576                                   {product} {ergonomic}
    uintx NonNMethodCodeHeapSize                   = 5825164                                {pd product} {ergonomic}
    uintx NonProfiledCodeHeapSize                  = 122916538                              {pd product} {ergonomic}
    uintx ProfiledCodeHeapSize                     = 122916538                              {pd product} {ergonomic}
    uintx ReservedCodeCacheSize                    = 251658240                              {pd product} {ergonomic}
     bool SegmentedCodeCache                       = true                                      {product} {ergonomic}
     bool UseCompressedClassPointers               = true                                 {lp64_product} {ergonomic}
     bool UseCompressedOops                        = true                                 {lp64_product} {ergonomic}
     bool UseG1GC                                  = true                                      {product} {ergonomic}

Logging:
Log output configuration:
 #0: stdout all=warning uptime,level,tags
 #1: stderr all=off uptime,level,tags

Environment Variables:
PATH=/usr/lib/git-core:/usr/local/sbin:/usr/local/bin:/usr/sbin:/usr/bin:/sbin:/bin:/usr/games:/usr/local/games:/snap/bin
USERNAME=spl211
SHELL=/bin/bash
DISPLAY=:0
LANG=en_IL
LC_ALL=en_US.UTF-8

Signal Handlers:
SIGSEGV: [libjvm.so+0xd84340], sa_mask[0]=11111111011111111101111111111110, sa_flags=SA_RESTART|SA_SIGINFO
SIGBUS: [libjvm.so+0xd84340], sa_mask[0]=11111111011111111101111111111110, sa_flags=SA_RESTART|SA_SIGINFO
SIGFPE: [libjvm.so+0xd84340], sa_mask[0]=11111111011111111101111111111110, sa_flags=SA_RESTART|SA_SIGINFO
SIGPIPE: [libjvm.so+0xb85560], sa_mask[0]=11111111011111111101111111111110, sa_flags=SA_RESTART|SA_SIGINFO
SIGXFSZ: [libjvm.so+0xb85560], sa_mask[0]=11111111011111111101111111111110, sa_flags=SA_RESTART|SA_SIGINFO
SIGILL: [libjvm.so+0xd84340], sa_mask[0]=11111111011111111101111111111110, sa_flags=SA_RESTART|SA_SIGINFO
SIGUSR2: [libjvm.so+0xb853f0], sa_mask[0]=00100000000000000000000000000000, sa_flags=SA_RESTART|SA_SIGINFO
SIGHUP: SIG_DFL, sa_mask[0]=00000000000000000000000000000000, sa_flags=none
SIGINT: SIG_DFL, sa_mask[0]=00000000000000000000000000000000, sa_flags=none
SIGTERM: SIG_DFL, sa_mask[0]=00000000000000000000000000000000, sa_flags=none
SIGQUIT: SIG_DFL, sa_mask[0]=00000000000000000000000000000000, sa_flags=none


---------------  S Y S T E M  ---------------

OS:DISTRIB_ID=Ubuntu
DISTRIB_RELEASE=18.04
DISTRIB_CODENAME=bionic
DISTRIB_DESCRIPTION="Ubuntu 18.04.1 LTS"
uname:Linux 4.15.0-128-generic #131-Ubuntu SMP Wed Dec 9 06:57:35 UTC 2020 x86_64
OS uptime: 2 days 4:03 hours
libc:glibc 2.27 NPTL 2.27 
rlimit (soft/hard): STACK 8192k/infinity , CORE 0k/infinity , NPROC 15149/15149 , NOFILE 1048576/1048576 , AS infinity/infinity , CPU infinity/infinity , DATA infinity/infinity , FSIZE infinity/infinity , MEMLOCK 16384k/16384k
load average:2.80 1.19 0.56

/proc/meminfo:
MemTotal:        3940912 kB
MemFree:          109632 kB
MemAvailable:      13056 kB
Buffers:             716 kB
Cached:           122928 kB
SwapCached:         3320 kB
Active:          3035920 kB
Inactive:         618252 kB
Active(anon):    3032456 kB
Inactive(anon):   606572 kB
Active(file):       3464 kB
Inactive(file):    11680 kB
Unevictable:          48 kB
Mlocked:              48 kB
SwapTotal:        969960 kB
SwapFree:              0 kB
Dirty:               128 kB
Writeback:             0 kB
AnonPages:       3527676 kB
Mapped:            50936 kB
Shmem:            108344 kB
Slab:              66160 kB
SReclaimable:      27348 kB
SUnreclaim:        38812 kB
KernelStack:       10688 kB
PageTables:        48272 kB
NFS_Unstable:          0 kB
Bounce:                0 kB
WritebackTmp:          0 kB
CommitLimit:     2940416 kB
Committed_AS:    8444680 kB
VmallocTotal:   34359738367 kB
VmallocUsed:           0 kB
VmallocChunk:          0 kB
HardwareCorrupted:     0 kB
AnonHugePages:         0 kB
ShmemHugePages:        0 kB
ShmemPmdMapped:        0 kB
CmaTotal:              0 kB
CmaFree:               0 kB
HugePages_Total:       0
HugePages_Free:        0
HugePages_Rsvd:        0
HugePages_Surp:        0
Hugepagesize:       2048 kB
DirectMap4k:      192448 kB
DirectMap2M:     3903488 kB

/sys/kernel/mm/transparent_hugepage/enabled:
always [madvise] never
/sys/kernel/mm/transparent_hugepage/defrag (defrag/compaction efforts parameter):
always defer defer+madvise [madvise] never

/proc/sys/kernel/threads-max (system-wide limit on the number of threads):
30298
/proc/sys/vm/max_map_count (maximum number of memory map areas a process may have):
65530
/proc/sys/kernel/pid_max (system-wide limit on number of process identifiers):
32768

container (cgroup) information:
container_type: cgroupv1
cpu_cpuset_cpus: 0-1
cpu_memory_nodes: 0
active_processor_count: 2
cpu_quota: -1
cpu_period: 100000
cpu_shares: -1
memory_limit_in_bytes: -1
memory_and_swap_limit_in_bytes: -2
memory_soft_limit_in_bytes: -1
memory_usage_in_bytes: 3740934144
memory_max_usage_in_bytes: 15319040

KVM virtualization detected
Steal ticks since vm start: 0
Steal ticks percentage since vm start:  0.000

CPU:total 2 (initial active 2) (2 cores per cpu, 1 threads per core) family 6 model 142 stepping 10, cmov, cx8, fxsr, mmx, sse, sse2, sse3, ssse3, sse4.1, sse4.2, popcnt, avx, avx2, aes, clmul, 3dnowpref, lzcnt, tsc, tscinvbit
CPU Model and flags from /proc/cpuinfo:
model name	: Intel(R) Core(TM) i7-8550U CPU @ 1.80GHz
flags		: fpu vme de pse tsc msr pae mce cx8 apic sep mtrr pge mca cmov pat pse36 clflush mmx fxsr sse sse2 ht syscall nx rdtscp lm constant_tsc rep_good nopl xtopology nonstop_tsc cpuid tsc_known_freq pni pclmulqdq ssse3 cx16 pcid sse4_1 sse4_2 x2apic movbe popcnt aes xsave avx rdrand hypervisor lahf_lm abm 3dnowprefetch invpcid_single pti fsgsbase avx2 invpcid rdseed clflushopt md_clear flush_l1d
Online cpus:
0-1
Offline cpus:

BIOS frequency limitation:
<Not Available>
Frequency switch latency (ns):
<Not Available>
Available cpu frequencies:
<Not Available>
Current governor:
<Not Available>
Core performance/turbo boost:
<Not Available>

Memory: 4k page, physical 3940912k(115108k free), swap 969960k(0k free)

vm_info: OpenJDK 64-Bit Server VM (11.0.9+11-b1145.21) for linux-amd64 JRE (11.0.9+11-b1145.21), built on Nov 21 2020 20:09:06 by "" with gcc 8.3.1 20190311 (Red Hat 8.3.1-3)

END.
